[debug] [2025-08-05T14:31:52.648Z] ----------------------------------------------------------------------
[debug] [2025-08-05T14:31:52.650Z] Command:       C:\Program Files\nodejs\node.exe C:\Users\user\AppData\Roaming\npm\node_modules\firebase-tools\lib\bin\firebase.js init
[debug] [2025-08-05T14:31:52.650Z] CLI Version:   14.11.2
[debug] [2025-08-05T14:31:52.650Z] Platform:      win32
[debug] [2025-08-05T14:31:52.650Z] Node Version:  v22.13.0
[debug] [2025-08-05T14:31:52.651Z] Time:          Tue Aug 05 2025 07:31:52 GMT-0700 (Pacific Daylight Time)
[debug] [2025-08-05T14:31:52.651Z] ----------------------------------------------------------------------
[debug] 
[debug] [2025-08-05T14:31:52.656Z] > command requires scopes: ["email","openid","https://www.googleapis.com/auth/cloudplatformprojects.readonly","https://www.googleapis.com/auth/firebase","https://www.googleapis.com/auth/cloud-platform"]
[debug] [2025-08-05T14:31:52.656Z] > authorizing via signed-in user (therealscottycompton@gmail.com)
[info] 
     ######## #### ########  ######## ########     ###     ######  ########
     ##        ##  ##     ## ##       ##     ##  ##   ##  ##       ##
     ######    ##  ########  ######   ########  #########  ######  ######
     ##        ##  ##    ##  ##       ##     ## ##     ##       ## ##
     ##       #### ##     ## ######## ########  ##     ##  ######  ########

You're about to initialize a Firebase project in this directory:

  C:\projects\nextjs\scl-portfolio

Before we get started, keep in mind:

  * You are currently outside your home directory

[debug] [2025-08-05T14:32:25.850Z] ExitPromptError: User force closed the prompt with SIGINT
    at Interface.sigint (C:\Users\user\AppData\Roaming\npm\node_modules\firebase-tools\node_modules\@inquirer\core\dist\commonjs\lib\create-prompt.js:101:37)
    at Interface.emit (node:events:524:28)
    at Interface.emit (node:domain:489:12)
    at [_ttyWrite] [as _ttyWrite] (node:internal/readline/interface:1124:18)
    at ReadStream.onkeypress (node:internal/readline/interface:263:20)
    at ReadStream.emit (node:events:536:35)
    at ReadStream.emit (node:domain:489:12)
    at emitKeys (node:internal/readline/utils:370:14)
    at emitKeys.next (<anonymous>)
    at ReadStream.onData (node:internal/readline/emitKeypressEvents:64:36)
[error] 
[error] Error: An unexpected error has occurred.
